<?xml version="1.0" encoding="UTF-8"?>
<testng-results ignored="0" total="2" passed="1" failed="1" skipped="0">
  <reporter-output>
  </reporter-output>
  <suite started-at="2023-02-20T05:20:30 IST" name="Suite" finished-at="2023-02-20T05:21:29 IST" duration-ms="58567">
    <groups>
    </groups>
    <test started-at="2023-02-20T05:20:30 IST" name="Test" finished-at="2023-02-20T05:21:29 IST" duration-ms="58567">
      <class name="QA.SmokeTest">
        <test-method is-config="true" signature="Before_Methord(java.lang.String)[pri:0, instance:QA.SmokeTest@7b98f307]" started-at="2023-02-20T05:20:30 IST" name="Before_Methord" finished-at="2023-02-20T05:20:38 IST" duration-ms="7908" status="PASS">
          <params>
            <param index="0">
              <value>
                <![CDATA[Chrome]]>
              </value>
            </param>
          </params>
          <reporter-output>
          </reporter-output>
        </test-method> <!-- Before_Methord -->
        <test-method signature="verify_IMDI_Page()[pri:0, instance:QA.SmokeTest@7b98f307]" started-at="2023-02-20T05:20:38 IST" name="verify_IMDI_Page" finished-at="2023-02-20T05:21:13 IST" duration-ms="34996" status="FAIL">
          <exception class="java.lang.AssertionError">
            <message>
              <![CDATA[ Release date is Not as per expected expected [December 17, 2021 (India)] but found [December 17, 2021 (United States)]]]>
            </message>
            <full-stacktrace>
              <![CDATA[java.lang.AssertionError:  Release date is Not as per expected expected [December 17, 2021 (India)] but found [December 17, 2021 (United States)]
at org.testng.Assert.fail(Assert.java:110)
at org.testng.Assert.failNotEquals(Assert.java:1413)
at org.testng.Assert.assertEqualsImpl(Assert.java:149)
at org.testng.Assert.assertEquals(Assert.java:131)
at org.testng.Assert.assertEquals(Assert.java:655)
at QA.SmokeTest.verify_IMDI_Page(SmokeTest.java:74)
at java.base/jdk.internal.reflect.NativeMethodAccessorImpl.invoke0(Native Method)
at java.base/jdk.internal.reflect.NativeMethodAccessorImpl.invoke(NativeMethodAccessorImpl.java:77)
at java.base/jdk.internal.reflect.DelegatingMethodAccessorImpl.invoke(DelegatingMethodAccessorImpl.java:43)
at java.base/java.lang.reflect.Method.invoke(Method.java:568)
at org.testng.internal.invokers.MethodInvocationHelper.invokeMethod(MethodInvocationHelper.java:139)
at org.testng.internal.invokers.TestInvoker.invokeMethod(TestInvoker.java:677)
at org.testng.internal.invokers.TestInvoker.invokeTestMethod(TestInvoker.java:221)
at org.testng.internal.invokers.MethodRunner.runInSequence(MethodRunner.java:50)
at org.testng.internal.invokers.TestInvoker$MethodInvocationAgent.invoke(TestInvoker.java:969)
at org.testng.internal.invokers.TestInvoker.invokeTestMethods(TestInvoker.java:194)
at org.testng.internal.invokers.TestMethodWorker.invokeTestMethods(TestMethodWorker.java:148)
at org.testng.internal.invokers.TestMethodWorker.run(TestMethodWorker.java:128)
at java.base/java.util.ArrayList.forEach(ArrayList.java:1511)
at org.testng.TestRunner.privateRun(TestRunner.java:829)
at org.testng.TestRunner.run(TestRunner.java:602)
at org.testng.SuiteRunner.runTest(SuiteRunner.java:437)
at org.testng.SuiteRunner.runSequentially(SuiteRunner.java:431)
at org.testng.SuiteRunner.privateRun(SuiteRunner.java:391)
at org.testng.SuiteRunner.run(SuiteRunner.java:330)
at org.testng.SuiteRunnerWorker.runSuite(SuiteRunnerWorker.java:52)
at org.testng.SuiteRunnerWorker.run(SuiteRunnerWorker.java:95)
at org.testng.TestNG.runSuitesSequentially(TestNG.java:1256)
at org.testng.TestNG.runSuitesLocally(TestNG.java:1176)
at org.testng.TestNG.runSuites(TestNG.java:1099)
at org.testng.TestNG.run(TestNG.java:1067)
at org.testng.remote.AbstractRemoteTestNG.run(AbstractRemoteTestNG.java:115)
at org.testng.remote.RemoteTestNG.initAndRun(RemoteTestNG.java:251)
at org.testng.remote.RemoteTestNG.main(RemoteTestNG.java:77)
]]>
            </full-stacktrace>
          </exception> <!-- java.lang.AssertionError -->
          <reporter-output>
          </reporter-output>
        </test-method> <!-- verify_IMDI_Page -->
        <test-method is-config="true" signature="After_Methord(org.testng.ITestResult)[pri:0, instance:QA.SmokeTest@7b98f307]" started-at="2023-02-20T05:21:13 IST" name="After_Methord" finished-at="2023-02-20T05:21:15 IST" duration-ms="1730" status="PASS">
          <params>
            <param index="0">
              <value>
                <![CDATA[[TestResult name=verify_IMDI_Page status=FAILURE method=SmokeTest.verify_IMDI_Page()[pri:0, instance:QA.SmokeTest@7b98f307] output={null}]]]>
              </value>
            </param>
          </params>
          <reporter-output>
          </reporter-output>
        </test-method> <!-- After_Methord -->
        <test-method is-config="true" signature="Before_Methord(java.lang.String)[pri:0, instance:QA.SmokeTest@7b98f307]" started-at="2023-02-20T05:21:15 IST" name="Before_Methord" finished-at="2023-02-20T05:21:18 IST" duration-ms="3329" status="PASS">
          <params>
            <param index="0">
              <value>
                <![CDATA[Chrome]]>
              </value>
            </param>
          </params>
          <reporter-output>
          </reporter-output>
        </test-method> <!-- Before_Methord -->
        <test-method signature="verify_WIKI_Page()[pri:0, instance:QA.SmokeTest@7b98f307]" started-at="2023-02-20T05:21:18 IST" name="verify_WIKI_Page" finished-at="2023-02-20T05:21:28 IST" duration-ms="9381" status="PASS">
          <reporter-output>
          </reporter-output>
        </test-method> <!-- verify_WIKI_Page -->
        <test-method is-config="true" signature="After_Methord(org.testng.ITestResult)[pri:0, instance:QA.SmokeTest@7b98f307]" started-at="2023-02-20T05:21:28 IST" name="After_Methord" finished-at="2023-02-20T05:21:29 IST" duration-ms="963" status="PASS">
          <params>
            <param index="0">
              <value>
                <![CDATA[[TestResult name=verify_WIKI_Page status=SUCCESS method=SmokeTest.verify_WIKI_Page()[pri:0, instance:QA.SmokeTest@7b98f307] output={null}]]]>
              </value>
            </param>
          </params>
          <reporter-output>
          </reporter-output>
        </test-method> <!-- After_Methord -->
      </class> <!-- QA.SmokeTest -->
    </test> <!-- Test -->
  </suite> <!-- Suite -->
</testng-results>
